[30/06/2017 16:09:52]:[ line:39 START NOTIFY CLIENT ]
[30/06/2017 16:09:52]:[ line:87 DAYS TO PAY 5]
[30/06/2017 16:09:52]:[ line:88 NOW :1498849792 - DATE FOR PAY= 1500921825]
[30/06/2017 16:09:52]:[ line:89 day_remaining=-2072033 <=432000]
[30/06/2017 16:09:52]:[ line:90 IN DAYS FOR PAY = -2072033 ]
[30/06/2017 16:09:52]:[ line:248 NOT DIDS FOR PAY TODAY ]
[30/06/2017 16:10:46]:[ line:39 START NOTIFY CLIENT ]
[30/06/2017 16:10:46]:[ line:87 DAYS TO PAY 5]
[30/06/2017 16:10:46]:[ line:88 NOW :1498849846 - DATE FOR PAY= 1500921825]
[30/06/2017 16:10:46]:[ line:89 day_remaining=-2071979 <=432000]
[30/06/2017 16:10:46]:[ line:90 IN DAYS FOR PAY = -2071979 ]
[30/06/2017 16:10:46]:[ line:248 NOT DIDS FOR PAY TODAY ]
[30/06/2017 16:11:10]:[ line:39 START NOTIFY CLIENT ]
[30/06/2017 16:11:10]:[ line:87 DAYS TO PAY 5]
[30/06/2017 16:11:10]:[ line:88 NOW :1498849870 - DATE FOR PAY= 1498502625]
[30/06/2017 16:11:10]:[ line:89 day_remaining=347245 <=432000]
[30/06/2017 16:11:10]:[ line:90 IN DAYS FOR PAY = 347245 ]
[30/06/2017 16:11:10]:[ line:103 USER 54559198 HAVE TO PAY THE DID 5555555 NOW ]
[30/06/2017 16:11:10]:[ line:129 AGENT '54559198' HAVE ENOUGH CREDIT TO PAY FOR THE DID 5555555]
[30/06/2017 16:12:32]:[ line:39 START NOTIFY CLIENT ]
[30/06/2017 16:12:32]:[ line:89 DAYS TO PAY 5]
[30/06/2017 16:12:32]:[ line:90 NOW :1498849952 - DATE FOR PAY= 1501094625]
[30/06/2017 16:12:32]:[ line:91 day_remaining=-2244673 <=432000]
[30/06/2017 16:12:32]:[ line:92 IN DAYS FOR PAY = -2244673 ]
[30/06/2017 16:12:32]:[ line:250 NOT DIDS FOR PAY TODAY ]
[30/06/2017 16:12:57]:[ line:39 START NOTIFY CLIENT ]
[30/06/2017 16:12:57]:[ line:89 DAYS TO PAY 5]
[30/06/2017 16:12:57]:[ line:90 NOW :1498849977 - DATE FOR PAY= 1501094625]
[30/06/2017 16:12:57]:[ line:91 day_remaining=-2244648 <=432000]
[30/06/2017 16:12:57]:[ line:92 IN DAYS FOR PAY = -2244648 ]
[30/06/2017 16:12:57]:[ line:250 NOT DIDS FOR PAY TODAY ]
[30/06/2017 16:17:41]:[ line:39 START NOTIFY CLIENT ]
[30/06/2017 16:18:05]:[ line:39 START NOTIFY CLIENT ]
[30/06/2017 16:18:05]:[ line:89 DAYS TO PAY 5]
[30/06/2017 16:18:05]:[ line:90 NOW :1498850285 - DATE FOR PAY= 1501094625]
[30/06/2017 16:18:05]:[ line:91 day_remaining=-2244340 <=432000]
[30/06/2017 16:18:05]:[ line:92 IN DAYS FOR PAY = -2244340 ]
[30/06/2017 16:18:05]:[ line:250 NOT DIDS FOR PAY TODAY ]
[30/06/2017 16:18:25]:[ line:39 START NOTIFY CLIENT ]
[30/06/2017 16:18:25]:[ line:89 DAYS TO PAY 5]
[30/06/2017 16:18:25]:[ line:90 NOW :1498850305 - DATE FOR PAY= 1498502625]
[30/06/2017 16:18:25]:[ line:91 day_remaining=347680 <=432000]
[30/06/2017 16:18:25]:[ line:92 IN DAYS FOR PAY = 347680 ]
[30/06/2017 16:18:25]:[ line:105 USER 54559198 HAVE TO PAY THE DID 5555555 NOW ]
[30/06/2017 16:18:25]:[ line:111 USER 54559198 HAVE ENOUGH CREDIT TO PAY FOR THE DID 5555555]
[30/06/2017 16:19:10]:[ line:39 START NOTIFY CLIENT ]
[30/06/2017 16:19:10]:[ line:89 DAYS TO PAY 5]
[30/06/2017 16:19:10]:[ line:90 NOW :1498850350 - DATE FOR PAY= 1498502625]
[30/06/2017 16:19:10]:[ line:91 day_remaining=347725 <=432000]
[30/06/2017 16:19:10]:[ line:92 IN DAYS FOR PAY = 347725 ]
[30/06/2017 16:19:10]:[ line:105 USER 54559198 HAVE TO PAY THE DID 5555555 NOW ]
[30/06/2017 16:19:10]:[ line:111 USER 54559198 HAVE ENOUGH CREDIT TO PAY FOR THE DID 5555555]
